MagneticFields/Library/Bee/Android/Prj/Mono2x/Gradle/launcher/build/intermediates/manifest_merge_blame_file/release/manifest-merger-blame-release-report.txt
1<?xml version="1.0" encoding="utf-8"?>
2<manifest xmlns:android="http://schemas.android.com/apk/res/android"
3    package="com.DefaultCompany.MagneticFields"
4    android:installLocation="preferExternal"
5    android:versionCode="1"
6    android:versionName="0.1" >
7
8    <uses-sdk
9        android:minSdkVersion="24"
9-->src\main\AndroidManifest.xml
10        android:targetSdkVersion="30" />
10-->src\main\AndroidManifest.xml
11
12    <supports-screens
12-->src\main\AndroidManifest.xml:3:3-163
13        android:anyDensity="true"
13-->src\main\AndroidManifest.xml:3:135-160
14        android:largeScreens="true"
14-->src\main\AndroidManifest.xml:3:78-105
15        android:normalScreens="true"
15-->src\main\AndroidManifest.xml:3:49-77
16        android:smallScreens="true"
16-->src\main\AndroidManifest.xml:3:21-48
17        android:xlargeScreens="true" />
17-->src\main\AndroidManifest.xml:3:106-134
18
19    <uses-feature android:glEsVersion="0x00030000" />
19-->[:unityLibrary] AndroidManifest.xml:12:5-54
19-->[:unityLibrary] AndroidManifest.xml:12:19-51
20
21    <uses-permission android:name="android.permission.INTERNET" />
21-->[:unityLibrary] AndroidManifest.xml:14:5-67
21-->[:unityLibrary] AndroidManifest.xml:14:22-64
22    <uses-permission android:name="android.permission.ACCESS_NETWORK_STATE" />
22-->[:unityLibrary] AndroidManifest.xml:15:5-79
22-->[:unityLibrary] AndroidManifest.xml:15:22-76
23    <uses-permission android:name="android.permission.ACCESS_FINE_LOCATION" />
23-->[:unityLibrary] AndroidManifest.xml:16:5-79
23-->[:unityLibrary] AndroidManifest.xml:16:22-76
24
25    <uses-feature
25-->[:unityLibrary] AndroidManifest.xml:18:5-20:36
26        android:name="android.hardware.location.gps"
26-->[:unityLibrary] AndroidManifest.xml:19:9-53
27        android:required="false" />
27-->[:unityLibrary] AndroidManifest.xml:20:9-33
28    <uses-feature
28-->[:unityLibrary] AndroidManifest.xml:21:5-23:36
29        android:name="android.hardware.location"
29-->[:unityLibrary] AndroidManifest.xml:22:9-49
30        android:required="false" />
30-->[:unityLibrary] AndroidManifest.xml:23:9-33
31    <uses-feature
31-->[:unityLibrary] AndroidManifest.xml:24:5-26:36
32        android:name="android.hardware.touchscreen"
32-->[:unityLibrary] AndroidManifest.xml:25:9-52
33        android:required="false" />
33-->[:unityLibrary] AndroidManifest.xml:26:9-33
34    <uses-feature
34-->[:unityLibrary] AndroidManifest.xml:27:5-29:36
35        android:name="android.hardware.touchscreen.multitouch"
35-->[:unityLibrary] AndroidManifest.xml:28:9-63
36        android:required="false" />
36-->[:unityLibrary] AndroidManifest.xml:29:9-33
37    <uses-feature
37-->[:unityLibrary] AndroidManifest.xml:30:5-32:36
38        android:name="android.hardware.touchscreen.multitouch.distinct"
38-->[:unityLibrary] AndroidManifest.xml:31:9-72
39        android:required="false" />
39-->[:unityLibrary] AndroidManifest.xml:32:9-33
40
41    <uses-permission android:name="android.permission.CAMERA" />
41-->[:unityLibrary] AndroidManifest.xml:34:5-65
41-->[:unityLibrary] AndroidManifest.xml:34:22-62
42
43    <uses-feature
43-->[:unityLibrary] AndroidManifest.xml:36:5-38:35
44        android:name="android.hardware.camera.ar"
44-->[:unityLibrary] AndroidManifest.xml:37:9-50
45        android:required="true" />
45-->[:unityLibrary] AndroidManifest.xml:38:9-32
46    <uses-feature
46-->[:unityLibrary] AndroidManifest.xml:39:5-41:35
47        android:name="com.google.ar.core.depth"
47-->[:unityLibrary] AndroidManifest.xml:40:9-48
48        android:required="true" />
48-->[:unityLibrary] AndroidManifest.xml:41:9-32
49
50    <queries>
50-->[:arcore_client:] AndroidManifest.xml:29:5-31:15
51        <package android:name="com.google.ar.core" />
51-->[:arcore_client:] AndroidManifest.xml:30:9-54
51-->[:arcore_client:] AndroidManifest.xml:30:18-51
52    </queries>
53
54    <application
54-->src\main\AndroidManifest.xml:4:3-83
55        android:extractNativeLibs="true"
55-->[:unityLibrary] AndroidManifest.xml:43:18-50
56        android:icon="@mipmap/app_icon"
56-->src\main\AndroidManifest.xml:4:49-80
57        android:label="@string/app_name" >
57-->src\main\AndroidManifest.xml:4:16-48
58        <activity
58-->[:unityLibrary] AndroidManifest.xml:44:9-64:20
59            android:name="com.unity3d.player.UnityPlayerActivity"
59-->[:unityLibrary] AndroidManifest.xml:45:13-66
60            android:configChanges="mcc|mnc|locale|touchscreen|keyboard|keyboardHidden|navigation|orientation|screenLayout|uiMode|screenSize|smallestScreenSize|fontScale|layoutDirection|density"
60-->[:unityLibrary] AndroidManifest.xml:46:13-194
61            android:hardwareAccelerated="false"
61-->[:unityLibrary] AndroidManifest.xml:47:13-48
62            android:launchMode="singleTask"
62-->[:unityLibrary] AndroidManifest.xml:48:13-44
63            android:resizeableActivity="false"
63-->[:unityLibrary] AndroidManifest.xml:49:13-47
64            android:screenOrientation="fullUser"
64-->[:unityLibrary] AndroidManifest.xml:50:13-49
65            android:theme="@style/UnityThemeSelector" >
65-->[:unityLibrary] AndroidManifest.xml:51:13-54
66            <intent-filter>
66-->[:unityLibrary] AndroidManifest.xml:52:13-56:29
67                <action android:name="android.intent.action.MAIN" />
67-->[:unityLibrary] AndroidManifest.xml:53:17-69
67-->[:unityLibrary] AndroidManifest.xml:53:25-66
68
69                <category android:name="android.intent.category.LAUNCHER" />
69-->[:unityLibrary] AndroidManifest.xml:55:17-77
69-->[:unityLibrary] AndroidManifest.xml:55:27-74
70            </intent-filter>
71
72            <meta-data
72-->[:unityLibrary] AndroidManifest.xml:58:13-60:40
73                android:name="unityplayer.UnityActivity"
73-->[:unityLibrary] AndroidManifest.xml:59:17-57
74                android:value="true" />
74-->[:unityLibrary] AndroidManifest.xml:60:17-37
75            <meta-data
75-->[:unityLibrary] AndroidManifest.xml:61:13-63:40
76                android:name="android.notch_support"
76-->[:unityLibrary] AndroidManifest.xml:62:17-53
77                android:value="true" />
77-->[:unityLibrary] AndroidManifest.xml:63:17-37
78        </activity>
79
80        <meta-data
80-->[:unityLibrary] AndroidManifest.xml:66:9-68:33
81            android:name="unity.splash-mode"
81-->[:unityLibrary] AndroidManifest.xml:67:13-45
82            android:value="0" />
82-->[:unityLibrary] AndroidManifest.xml:68:13-30
83        <meta-data
83-->[:unityLibrary] AndroidManifest.xml:69:9-71:36
84            android:name="unity.splash-enable"
84-->[:unityLibrary] AndroidManifest.xml:70:13-47
85            android:value="True" />
85-->[:unityLibrary] AndroidManifest.xml:71:13-33
86        <meta-data
86-->[:unityLibrary] AndroidManifest.xml:72:9-74:36
87            android:name="unity.launch-fullscreen"
87-->[:unityLibrary] AndroidManifest.xml:73:13-51
88            android:value="True" />
88-->[:unityLibrary] AndroidManifest.xml:74:13-33
89        <meta-data
89-->[:unityLibrary] AndroidManifest.xml:75:9-77:37
90            android:name="unity.allow-resizable-window"
90-->[:unityLibrary] AndroidManifest.xml:76:13-56
91            android:value="False" />
91-->[:unityLibrary] AndroidManifest.xml:77:13-34
92        <meta-data
92-->[:unityLibrary] AndroidManifest.xml:78:9-80:50
93            android:name="notch.config"
93-->[:unityLibrary] AndroidManifest.xml:79:13-40
94            android:value="portrait|landscape" />
94-->[:unityLibrary] AndroidManifest.xml:80:13-47
95        <meta-data
95-->[:unityLibrary] AndroidManifest.xml:81:9-83:36
96            android:name="unityplayer.SkipPermissionsDialog"
96-->[:unityLibrary] AndroidManifest.xml:82:13-61
97            android:value="true" />
97-->[:unityLibrary] AndroidManifest.xml:83:13-33
98        <meta-data
98-->[:unityLibrary] AndroidManifest.xml:84:9-86:40
99            android:name="com.google.ar.core"
99-->[:unityLibrary] AndroidManifest.xml:85:13-46
100            android:value="required" /> <!-- The minimal version code of ARCore APK required for an app using this SDK. -->
100-->[:unityLibrary] AndroidManifest.xml:86:13-37
101        <meta-data
101-->[:arcore_client:] AndroidManifest.xml:36:9-38:41
102            android:name="com.google.ar.core.min_apk_version"
102-->[:arcore_client:] AndroidManifest.xml:37:13-62
103            android:value="210910000" /> <!-- This activity is critical for installing ARCore when it is not already present. -->
103-->[:arcore_client:] AndroidManifest.xml:38:13-38
104        <activity
104-->[:arcore_client:] AndroidManifest.xml:40:9-46:80
105            android:name="com.google.ar.core.InstallActivity"
105-->[:arcore_client:] AndroidManifest.xml:41:13-62
106            android:configChanges="keyboardHidden|orientation|screenSize"
106-->[:arcore_client:] AndroidManifest.xml:42:13-74
107            android:excludeFromRecents="true"
107-->[:arcore_client:] AndroidManifest.xml:43:13-46
108            android:exported="false"
108-->[:arcore_client:] AndroidManifest.xml:44:13-37
109            android:launchMode="singleTop"
109-->[:arcore_client:] AndroidManifest.xml:45:13-43
110            android:theme="@android:style/Theme.Material.Light.Dialog.Alert" />
110-->[:arcore_client:] AndroidManifest.xml:46:13-77
111    </application>
112
113</manifest>